<?xml version="1.0" encoding="UTF-8"?>
<testng-results skipped="0" failed="0" ignored="0" total="1" passed="1">
  <reporter-output>
  </reporter-output>
  <suite name="Suite" duration-ms="51747" started-at="2018-05-29T14:49:50Z" finished-at="2018-05-29T14:50:42Z">
    <groups>
    </groups>
    <test name="CHROME" duration-ms="51747" started-at="2018-05-29T14:49:50Z" finished-at="2018-05-29T14:50:42Z">
      <class name="jenkins.jenkinstest.Login1">
        <test-method status="PASS" signature="setUp(java.lang.String)[pri:0, instance:jenkins.jenkinstest.Login1@262b2c86]" name="setUp" is-config="true" duration-ms="45693" started-at="2018-05-29T14:49:50Z" finished-at="2018-05-29T14:50:36Z">
          <params>
            <param index="0">
              <value>
                <![CDATA[CHROME]]>
              </value>
            </param>
          </params>
          <reporter-output>
          </reporter-output>
        </test-method> <!-- setUp -->
        <test-method status="PASS" signature="customerLogin()[pri:0, instance:jenkins.jenkinstest.Login1@262b2c86]" name="customerLogin" duration-ms="5962" started-at="2018-05-29T14:50:36Z" finished-at="2018-05-29T14:50:42Z">
          <reporter-output>
          </reporter-output>
        </test-method> <!-- customerLogin -->
        <test-method status="PASS" signature="endProcess()[pri:0, instance:jenkins.jenkinstest.Login1@262b2c86]" name="endProcess" is-config="true" duration-ms="0" started-at="2018-05-29T14:50:42Z" finished-at="2018-05-29T14:50:42Z">
          <reporter-output>
          </reporter-output>
        </test-method> <!-- endProcess -->
      </class> <!-- jenkins.jenkinstest.Login1 -->
    </test> <!-- CHROME -->
  </suite> <!-- Suite -->
</testng-results>
